<?xml version="1.0" encoding="UTF-8"?>
<!-- Generated by org.testng.reporters.JUnitXMLReporter -->
<testsuite ignored="0" hostname="LAPTOP-OFKQCVLO" failures="0" tests="4" name="Test" time="30.774" errors="0" timestamp="2025-07-11T12:50:11 IST">
  <testcase classname="com.selenium.demo.selenium4project.SeleniumTest" name="launchBrowser" time="16.293"/>
  <testcase classname="com.selenium.demo.selenium4project.SeleniumTest" name="testcase1" time="0.0"/>
  <testcase classname="com.selenium.demo.selenium4project.SeleniumTest" name="testcase2" time="0.0"/>
  <testcase classname="com.selenium.demo.selenium4project.SeleniumTest2" name="launchBrowser" time="14.431"/>
</testsuite> <!-- Test -->
