<?xml version="1.0" encoding="UTF-8"?>
<testng-results ignored="0" total="4" passed="4" failed="0" skipped="0">
  <reporter-output>
  </reporter-output>
  <suite started-at="2025-07-11T12:49:40 IST" name="Suite" finished-at="2025-07-11T12:50:11 IST" duration-ms="30774">
    <groups>
    </groups>
    <test started-at="2025-07-11T12:49:40 IST" name="Test" finished-at="2025-07-11T12:50:11 IST" duration-ms="30774">
      <class name="com.selenium.demo.selenium4project.SeleniumTest">
        <test-method signature="launchBrowser()[pri:0, instance:com.selenium.demo.selenium4project.SeleniumTest@7714e963]" started-at="2025-07-11T12:49:40 IST" name="launchBrowser" finished-at="2025-07-11T12:49:56 IST" duration-ms="16293" status="PASS">
          <reporter-output>
          </reporter-output>
        </test-method> <!-- launchBrowser -->
        <test-method signature="testcase1()[pri:0, instance:com.selenium.demo.selenium4project.SeleniumTest@7714e963]" started-at="2025-07-11T12:49:56 IST" name="testcase1" finished-at="2025-07-11T12:49:56 IST" duration-ms="0" status="PASS">
          <reporter-output>
          </reporter-output>
        </test-method> <!-- testcase1 -->
        <test-method signature="testcase2()[pri:0, instance:com.selenium.demo.selenium4project.SeleniumTest@7714e963]" started-at="2025-07-11T12:49:56 IST" name="testcase2" finished-at="2025-07-11T12:49:56 IST" duration-ms="0" status="PASS">
          <reporter-output>
          </reporter-output>
        </test-method> <!-- testcase2 -->
      </class> <!-- com.selenium.demo.selenium4project.SeleniumTest -->
      <class name="com.selenium.demo.selenium4project.SeleniumTest2">
        <test-method signature="launchBrowser()[pri:0, instance:com.selenium.demo.selenium4project.SeleniumTest2@72057ecf]" started-at="2025-07-11T12:49:56 IST" name="launchBrowser" finished-at="2025-07-11T12:50:11 IST" duration-ms="14431" status="PASS">
          <reporter-output>
          </reporter-output>
        </test-method> <!-- launchBrowser -->
      </class> <!-- com.selenium.demo.selenium4project.SeleniumTest2 -->
    </test> <!-- Test -->
  </suite> <!-- Suite -->
</testng-results>
