<?xml version="1.0" encoding="UTF-8"?>
<testng-results ignored="0" total="2" passed="2" failed="0" skipped="0">
  <reporter-output>
  </reporter-output>
  <suite started-at="2025-06-30T17:49:19 IST" name="Suite" finished-at="2025-06-30T17:49:46 IST" duration-ms="26444">
    <groups>
    </groups>
    <test started-at="2025-06-30T17:49:19 IST" name="Test" finished-at="2025-06-30T17:49:46 IST" duration-ms="26444">
      <class name="com.selenium.demo.selenium4project.SeleniumTest">
        <test-method signature="launchBrowser()[pri:0, instance:com.selenium.demo.selenium4project.SeleniumTest@3835c46]" started-at="2025-06-30T17:49:19 IST" name="launchBrowser" finished-at="2025-06-30T17:49:33 IST" duration-ms="13428" status="PASS">
          <reporter-output>
          </reporter-output>
        </test-method> <!-- launchBrowser -->
      </class> <!-- com.selenium.demo.selenium4project.SeleniumTest -->
      <class name="com.selenium.demo.selenium4project.SeleniumTest2">
        <test-method signature="launchBrowser()[pri:0, instance:com.selenium.demo.selenium4project.SeleniumTest2@5f058f00]" started-at="2025-06-30T17:49:33 IST" name="launchBrowser" finished-at="2025-06-30T17:49:46 IST" duration-ms="12991" status="PASS">
          <reporter-output>
          </reporter-output>
        </test-method> <!-- launchBrowser -->
      </class> <!-- com.selenium.demo.selenium4project.SeleniumTest2 -->
    </test> <!-- Test -->
  </suite> <!-- Suite -->
</testng-results>
