<?xml version="1.0" encoding="UTF-8"?>
<!-- Generated by org.testng.reporters.JUnitReportReporter -->
<testsuite hostname="LAPTOP-OFKQCVLO" failures="0" tests="3" name="com.selenium.demo.selenium4project.SeleniumTest" time="16.293" errors="0" timestamp="2025-07-11T12:50:11 IST" skipped="0">
  <testcase classname="com.selenium.demo.selenium4project.SeleniumTest" name="testcase1" time="0.000"/>
  <testcase classname="com.selenium.demo.selenium4project.SeleniumTest" name="testcase2" time="0.000"/>
  <testcase classname="com.selenium.demo.selenium4project.SeleniumTest" name="launchBrowser" time="16.293"/>
</testsuite> <!-- com.selenium.demo.selenium4project.SeleniumTest -->
